[INFO] 09-14 11:54:00 [main] {port:23008,redisDB:1,fileUploadDirectory:D:\IdeaProjects\forcpace2\forcpace-bj-api\upload\,mysqlDB:stellaris} [com.forcpacebj.api.Program.main(44)]
[INFO] 09-14 11:54:00 [main] StaticResourceHandler configured with folder = /static [spark.staticfiles.StaticFilesConfiguration.configure(150)]
[ERROR] 09-14 11:54:00 [main] External Static resource location must be a folder [spark.staticfiles.StaticFilesConfiguration.configureExternal(167)]
[INFO] 09-14 11:54:00 [Thread-0] Logging initialized @1507ms to org.eclipse.jetty.util.log.Slf4jLog [org.eclipse.jetty.util.log.initialized(193)]
[WARN] 09-14 11:54:00 [Thread-0] Ignoring deprecated socket close linger time [org.eclipse.jetty.server.AbstractConnector.setSoLingerTime(450)]
[INFO] 09-14 11:54:00 [Thread-0] == Spark has ignited ... [spark.embeddedserver.jetty.EmbeddedJettyServer.ignite(142)]
[INFO] 09-14 11:54:00 [Thread-0] >> Listening on 0.0.0.0:23008 [spark.embeddedserver.jetty.EmbeddedJettyServer.ignite(146)]
[INFO] 09-14 11:54:00 [Thread-0] jetty-9.4.12.v20180830; built: 2018-08-30T13:59:14.071Z; git: 27208684755d94a92186989f695db2d7b21ebc51; jvm 1.8.0_141-b15 [org.eclipse.jetty.server.Server.doStart(371)]
[INFO] 09-14 11:54:00 [Thread-0] DefaultSessionIdManager workerName=node0 [org.eclipse.jetty.server.session.doStart(365)]
[INFO] 09-14 11:54:00 [Thread-0] No SessionScavenger set, using defaults [org.eclipse.jetty.server.session.doStart(370)]
[INFO] 09-14 11:54:00 [Thread-0] node0 Scavenging every 660000ms [org.eclipse.jetty.server.session.startScavenging(149)]
[INFO] 09-14 11:54:01 [pool-2-thread-1] ---处理超时离线消息--- [com.forcpacebj.api.business.GoEasyMessageBusiness.offLineTimeOut(87)]
[INFO] 09-14 11:54:01 [Thread-0] Started ServerConnector@66d1b4df{HTTP/1.1,[http/1.1]}{0.0.0.0:23008} [org.eclipse.jetty.server.AbstractConnector.doStart(292)]
[INFO] 09-14 11:54:01 [Thread-0] Started @2289ms [org.eclipse.jetty.server.Server.doStart(408)]
[INFO] 09-14 11:55:27 [main] {port:23008,redisDB:1,fileUploadDirectory:D:\IdeaProjects\forcpace2\forcpace-bj-api\upload\,mysqlDB:stellaris} [com.forcpacebj.api.Program.main(44)]
[INFO] 09-14 11:55:27 [main] StaticResourceHandler configured with folder = /static [spark.staticfiles.StaticFilesConfiguration.configure(150)]
[ERROR] 09-14 11:55:27 [main] External Static resource location must be a folder [spark.staticfiles.StaticFilesConfiguration.configureExternal(167)]
[INFO] 09-14 11:55:27 [Thread-0] Logging initialized @543ms to org.eclipse.jetty.util.log.Slf4jLog [org.eclipse.jetty.util.log.initialized(193)]
[WARN] 09-14 11:55:27 [Thread-0] Ignoring deprecated socket close linger time [org.eclipse.jetty.server.AbstractConnector.setSoLingerTime(450)]
[INFO] 09-14 11:55:27 [Thread-0] == Spark has ignited ... [spark.embeddedserver.jetty.EmbeddedJettyServer.ignite(142)]
[INFO] 09-14 11:55:27 [Thread-0] >> Listening on 0.0.0.0:23008 [spark.embeddedserver.jetty.EmbeddedJettyServer.ignite(146)]
[INFO] 09-14 11:55:27 [Thread-0] jetty-9.4.12.v20180830; built: 2018-08-30T13:59:14.071Z; git: 27208684755d94a92186989f695db2d7b21ebc51; jvm 1.8.0_141-b15 [org.eclipse.jetty.server.Server.doStart(371)]
[INFO] 09-14 11:55:27 [Thread-0] DefaultSessionIdManager workerName=node0 [org.eclipse.jetty.server.session.doStart(365)]
[INFO] 09-14 11:55:27 [Thread-0] No SessionScavenger set, using defaults [org.eclipse.jetty.server.session.doStart(370)]
[INFO] 09-14 11:55:27 [Thread-0] node0 Scavenging every 600000ms [org.eclipse.jetty.server.session.startScavenging(149)]
[INFO] 09-14 11:55:28 [pool-2-thread-1] ---处理超时离线消息--- [com.forcpacebj.api.business.GoEasyMessageBusiness.offLineTimeOut(87)]
[INFO] 09-14 11:55:28 [Thread-0] Started ServerConnector@62609dba{HTTP/1.1,[http/1.1]}{0.0.0.0:23008} [org.eclipse.jetty.server.AbstractConnector.doStart(292)]
[INFO] 09-14 11:55:28 [Thread-0] Started @1275ms [org.eclipse.jetty.server.Server.doStart(408)]
[INFO] 09-14 11:58:11 [qtp855277322-28] The requested route [/] has not been mapped in Spark for Accept: [text/html,application/xhtml+xml,application/xml;q=0.9,image/avif,image/webp,image/apng,*/*;q=0.8,application/signed-exchange;v=b3;q=0.9] [spark.http.matching.MatcherFilter.doFilter(167)]
[INFO] 09-14 11:58:11 [qtp855277322-16] The requested route [/favicon.ico] has not been mapped in Spark for Accept: [image/avif,image/webp,image/apng,image/*,*/*;q=0.8] [spark.http.matching.MatcherFilter.doFilter(167)]
